
> hr-resume-assistant-frontend@1.0.0 dev
> next dev

   ▲ Next.js 14.0.4
   - Local:        http://localhost:3000
   - Environments: .env.local

<w> [webpack.cache.PackFileCacheStrategy] Restoring pack from C:\Users\SaveLIFE Foundation\Downloads\EmailServer-main\hr-resume-web-app\frontend\.next\cache\webpack\client-development.pack.gz failed: TypeError: Cannot read properties of undefined (reading 'hasStartTime')
 ✓ Ready in 2.3s
 ○ Compiling / ...
 ✓ Compiled / in 4s (548 modules)
 ✓ Compiled in 284ms (269 modules)
 ✓ Compiled in 264ms (269 modules)
 ✓ Compiled in 246ms (269 modules)
 ✓ Compiled in 182ms (269 modules)
 ✓ Compiled in 246ms (269 modules)
 ✓ Compiled in 242ms (269 modules)
 ✓ Compiled in 210ms (269 modules)
 ✓ Compiled in 193ms (269 modules)
 ✓ Compiled in 264ms (269 modules)
 ✓ Compiled in 329ms (269 modules)
 ✓ Compiled in 232ms (269 modules)
 ✓ Compiled in 183ms (269 modules)
 ✓ Compiled in 227ms (269 modules)
 ✓ Compiled in 193ms (269 modules)
 ✓ Compiled in 183ms (269 modules)
 ✓ Compiled in 246ms (269 modules)
 ✓ Compiled in 231ms (269 modules)
 ✓ Compiled in 276ms (269 modules)
 ✓ Compiled in 134ms (269 modules)
 ✓ Compiled in 154ms (269 modules)
 ✓ Compiled in 156ms (269 modules)
 ✓ Compiled in 135ms (269 modules)
 ✓ Compiled in 200ms (269 modules)
 ✓ Compiled in 182ms (269 modules)
 ✓ Compiled in 165ms (269 modules)
[?25h
